This file contains any messages produced by compilers while
running configure, to aid debugging if configure makes a mistake.

It was created by lib_shmht configure 0.5, which was
generated by GNU Autoconf 2.63.  Invocation command line was

  $ ./configure 

## --------- ##
## Platform. ##
## --------- ##

hostname = fsdedge.firescope.int
uname -m = x86_64
uname -r = 2.6.32-504.el6.x86_64
uname -s = Linux
uname -v = #1 SMP Wed Oct 15 04:27:16 UTC 2014

/usr/bin/uname -p = unknown
/bin/uname -X     = unknown

/bin/arch              = x86_64
/usr/bin/arch -k       = unknown
/usr/convex/getsysinfo = unknown
/usr/bin/hostinfo      = unknown
/bin/machine           = unknown
/usr/bin/oslevel       = unknown
/bin/universe          = unknown

PATH: /usr/local/sbin
PATH: /usr/local/bin
PATH: /sbin
PATH: /bin
PATH: /usr/sbin
PATH: /usr/bin
PATH: /root/bin


## ----------- ##
## Core tests. ##
## ----------- ##

configure:2083: checking for a BSD-compatible install
configure:2151: result: /usr/bin/install -c
configure:2162: checking whether build environment is sane
configure:2222: result: yes
configure:2363: checking for a thread-safe mkdir -p
configure:2402: result: /bin/mkdir -p
configure:2415: checking for gawk
configure:2431: found /bin/gawk
configure:2442: result: gawk
configure:2453: checking whether make sets $(MAKE)
configure:2475: result: yes
configure:2608: checking for g++
configure:2624: found /usr/bin/g++
configure:2635: result: g++
configure:2662: checking for C++ compiler version
configure:2670: g++ --version >&5
g++ (GCC) 4.4.7 20120313 (Red Hat 4.4.7-16)
Copyright (C) 2010 Free Software Foundation, Inc.
This is free software; see the source for copying conditions.  There is NO
warranty; not even for MERCHANTABILITY or FITNESS FOR A PARTICULAR PURPOSE.

configure:2674: $? = 0
configure:2681: g++ -v >&5
Using built-in specs.
Target: x86_64-redhat-linux
Configured with: ../configure --prefix=/usr --mandir=/usr/share/man --infodir=/usr/share/info --with-bugurl=http://bugzilla.redhat.com/bugzilla --enable-bootstrap --enable-shared --enable-threads=posix --enable-checking=release --with-system-zlib --enable-__cxa_atexit --disable-libunwind-exceptions --enable-gnu-unique-object --enable-languages=c,c++,objc,obj-c++,java,fortran,ada --enable-java-awt=gtk --disable-dssi --with-java-home=/usr/lib/jvm/java-1.5.0-gcj-1.5.0.0/jre --enable-libgcj-multifile --enable-java-maintainer-mode --with-ecj-jar=/usr/share/java/eclipse-ecj.jar --disable-libjava-multilib --with-ppl --with-cloog --with-tune=generic --with-arch_32=i686 --build=x86_64-redhat-linux
Thread model: posix
gcc version 4.4.7 20120313 (Red Hat 4.4.7-16) (GCC) 
configure:2685: $? = 0
configure:2692: g++ -V >&5
g++: '-V' option must have argument
configure:2696: $? = 1
configure:2719: checking for C++ compiler default output file name
configure:2741: g++    conftest.cpp  >&5
configure:2745: $? = 0
configure:2783: result: a.out
configure:2802: checking whether the C++ compiler works
configure:2812: ./a.out
configure:2816: $? = 0
configure:2835: result: yes
configure:2842: checking whether we are cross compiling
configure:2844: result: no
configure:2847: checking for suffix of executables
configure:2854: g++ -o conftest    conftest.cpp  >&5
configure:2858: $? = 0
configure:2884: result: 
configure:2890: checking for suffix of object files
configure:2916: g++ -c   conftest.cpp >&5
configure:2920: $? = 0
configure:2945: result: o
configure:2949: checking whether we are using the GNU C++ compiler
configure:2978: g++ -c   conftest.cpp >&5
configure:2985: $? = 0
configure:3002: result: yes
configure:3011: checking whether g++ accepts -g
configure:3041: g++ -c -g  conftest.cpp >&5
configure:3048: $? = 0
configure:3149: result: yes
configure:3183: checking for style of include used by make
configure:3211: result: GNU
configure:3236: checking dependency style of g++
configure:3346: result: gcc3
configure:3409: checking for gcc
configure:3425: found /usr/bin/gcc
configure:3436: result: gcc
configure:3668: checking for C compiler version
configure:3676: gcc --version >&5
gcc (GCC) 4.4.7 20120313 (Red Hat 4.4.7-16)
Copyright (C) 2010 Free Software Foundation, Inc.
This is free software; see the source for copying conditions.  There is NO
warranty; not even for MERCHANTABILITY or FITNESS FOR A PARTICULAR PURPOSE.

configure:3680: $? = 0
configure:3687: gcc -v >&5
Using built-in specs.
Target: x86_64-redhat-linux
Configured with: ../configure --prefix=/usr --mandir=/usr/share/man --infodir=/usr/share/info --with-bugurl=http://bugzilla.redhat.com/bugzilla --enable-bootstrap --enable-shared --enable-threads=posix --enable-checking=release --with-system-zlib --enable-__cxa_atexit --disable-libunwind-exceptions --enable-gnu-unique-object --enable-languages=c,c++,objc,obj-c++,java,fortran,ada --enable-java-awt=gtk --disable-dssi --with-java-home=/usr/lib/jvm/java-1.5.0-gcj-1.5.0.0/jre --enable-libgcj-multifile --enable-java-maintainer-mode --with-ecj-jar=/usr/share/java/eclipse-ecj.jar --disable-libjava-multilib --with-ppl --with-cloog --with-tune=generic --with-arch_32=i686 --build=x86_64-redhat-linux
Thread model: posix
gcc version 4.4.7 20120313 (Red Hat 4.4.7-16) (GCC) 
configure:3691: $? = 0
configure:3698: gcc -V >&5
gcc: '-V' option must have argument
configure:3702: $? = 1
configure:3705: checking whether we are using the GNU C compiler
configure:3734: gcc -c   conftest.c >&5
configure:3741: $? = 0
configure:3758: result: yes
configure:3767: checking whether gcc accepts -g
configure:3797: gcc -c -g  conftest.c >&5
configure:3804: $? = 0
configure:3905: result: yes
configure:3922: checking for gcc option to accept ISO C89
configure:3996: gcc  -c -g -O2  conftest.c >&5
configure:4003: $? = 0
configure:4026: result: none needed
configure:4046: checking dependency style of gcc
configure:4156: result: gcc3
configure:4172: checking whether gcc and cc understand -c and -o together
configure:4207: gcc -c conftest.c -o conftest2.o >&5
configure:4211: $? = 0
configure:4217: gcc -c conftest.c -o conftest2.o >&5
configure:4221: $? = 0
configure:4232: cc -c conftest.c >&5
configure:4236: $? = 0
configure:4244: cc -c conftest.c -o conftest2.o >&5
configure:4248: $? = 0
configure:4254: cc -c conftest.c -o conftest2.o >&5
configure:4258: $? = 0
configure:4276: result: yes
configure:4304: checking whether gcc and cc understand -c and -o together
configure:4408: result: yes
configure:4451: checking build system type
configure:4469: result: x86_64-unknown-linux-gnu
configure:4491: checking host system type
configure:4506: result: x86_64-unknown-linux-gnu
configure:4528: checking for a sed that does not truncate output
configure:4594: result: /bin/sed
configure:4612: checking for grep that handles long lines and -e
configure:4672: result: /bin/grep
configure:4677: checking for egrep
configure:4741: result: /bin/grep -E
configure:4746: checking for fgrep
configure:4810: result: /bin/grep -F
configure:4845: checking for ld used by gcc
configure:4912: result: /usr/bin/ld
configure:4921: checking if the linker (/usr/bin/ld) is GNU ld
configure:4936: result: yes
configure:4948: checking for BSD- or MS-compatible name lister (nm)
configure:4997: result: /usr/bin/nm -B
configure:5115: checking the name lister (/usr/bin/nm -B) interface
configure:5122: gcc -c -g -O2  conftest.c >&5
configure:5125: /usr/bin/nm -B "conftest.o"
configure:5128: output
0000000000000000 B some_variable
configure:5135: result: BSD nm
configure:5138: checking whether ln -s works
configure:5142: result: yes
configure:5150: checking the maximum length of command line arguments
configure:5270: result: 1966080
configure:5287: checking whether the shell understands some XSI constructs
configure:5297: result: yes
configure:5301: checking whether the shell understands "+="
configure:5307: result: yes
configure:5342: checking for /usr/bin/ld option to reload object files
configure:5349: result: -r
configure:5418: checking for objdump
configure:5434: found /usr/bin/objdump
configure:5445: result: objdump
configure:5477: checking how to recognize dependent libraries
configure:5673: result: pass_all
configure:5733: checking for ar
configure:5749: found /usr/bin/ar
configure:5760: result: ar
configure:5838: checking for strip
configure:5854: found /usr/bin/strip
configure:5865: result: strip
configure:5937: checking for ranlib
configure:5953: found /usr/bin/ranlib
configure:5964: result: ranlib
configure:6054: checking command to parse /usr/bin/nm -B output from gcc object
configure:6172: gcc -c -g -O2  conftest.c >&5
configure:6175: $? = 0
configure:6179: /usr/bin/nm -B conftest.o \| sed -n -e 's/^.*[	 ]\([ABCDGIRSTW][ABCDGIRSTW]*\)[	 ][	 ]*\([_A-Za-z][_A-Za-z0-9]*\)$/\1 \2 \2/p' \> conftest.nm
configure:6182: $? = 0
configure:6236: gcc -o conftest -g -O2   conftest.c conftstm.o >&5
configure:6239: $? = 0
configure:6277: result: ok
configure:6373: gcc -c -g -O2  conftest.c >&5
configure:6376: $? = 0
configure:7144: checking how to run the C preprocessor
configure:7184: gcc -E  conftest.c
configure:7191: $? = 0
configure:7222: gcc -E  conftest.c
conftest.c:8:28: error: ac_nonexistent.h: No such file or directory
configure:7229: $? = 1
configure: failed program was:
| /* confdefs.h.  */
| #define PACKAGE_NAME "lib_shmht"
| #define PACKAGE_TARNAME "shmht"
| #define PACKAGE_VERSION "0.5"
| #define PACKAGE_STRING "lib_shmht 0.5"
| #define PACKAGE_BUGREPORT "jon.ander.ortiz@gmail.com"
| /* end confdefs.h.  */
| #include <ac_nonexistent.h>
configure:7262: result: gcc -E
configure:7291: gcc -E  conftest.c
configure:7298: $? = 0
configure:7329: gcc -E  conftest.c
conftest.c:8:28: error: ac_nonexistent.h: No such file or directory
configure:7336: $? = 1
configure: failed program was:
| /* confdefs.h.  */
| #define PACKAGE_NAME "lib_shmht"
| #define PACKAGE_TARNAME "shmht"
| #define PACKAGE_VERSION "0.5"
| #define PACKAGE_STRING "lib_shmht 0.5"
| #define PACKAGE_BUGREPORT "jon.ander.ortiz@gmail.com"
| /* end confdefs.h.  */
| #include <ac_nonexistent.h>
configure:7376: checking for ANSI C header files
configure:7406: gcc -c -g -O2  conftest.c >&5
configure:7413: $? = 0
configure:7512: gcc -o conftest -g -O2   conftest.c  >&5
configure:7516: $? = 0
configure:7522: ./conftest
configure:7526: $? = 0
configure:7544: result: yes
configure:7568: checking for sys/types.h
configure:7589: gcc -c -g -O2  conftest.c >&5
configure:7596: $? = 0
configure:7613: result: yes
configure:7568: checking for sys/stat.h
configure:7589: gcc -c -g -O2  conftest.c >&5
configure:7596: $? = 0
configure:7613: result: yes
configure:7568: checking for stdlib.h
configure:7589: gcc -c -g -O2  conftest.c >&5
configure:7596: $? = 0
configure:7613: result: yes
configure:7568: checking for string.h
configure:7589: gcc -c -g -O2  conftest.c >&5
configure:7596: $? = 0
configure:7613: result: yes
configure:7568: checking for memory.h
configure:7589: gcc -c -g -O2  conftest.c >&5
configure:7596: $? = 0
configure:7613: result: yes
configure:7568: checking for strings.h
configure:7589: gcc -c -g -O2  conftest.c >&5
configure:7596: $? = 0
configure:7613: result: yes
configure:7568: checking for inttypes.h
configure:7589: gcc -c -g -O2  conftest.c >&5
configure:7596: $? = 0
configure:7613: result: yes
configure:7568: checking for stdint.h
configure:7589: gcc -c -g -O2  conftest.c >&5
configure:7596: $? = 0
configure:7613: result: yes
configure:7568: checking for unistd.h
configure:7589: gcc -c -g -O2  conftest.c >&5
configure:7596: $? = 0
configure:7613: result: yes
configure:7631: checking for dlfcn.h
configure:7652: gcc -c -g -O2  conftest.c >&5
configure:7659: $? = 0
configure:7676: result: yes
configure:7803: checking for C++ compiler version
configure:7811: g++ --version >&5
g++ (GCC) 4.4.7 20120313 (Red Hat 4.4.7-16)
Copyright (C) 2010 Free Software Foundation, Inc.
This is free software; see the source for copying conditions.  There is NO
warranty; not even for MERCHANTABILITY or FITNESS FOR A PARTICULAR PURPOSE.

configure:7815: $? = 0
configure:7822: g++ -v >&5
Using built-in specs.
Target: x86_64-redhat-linux
Configured with: ../configure --prefix=/usr --mandir=/usr/share/man --infodir=/usr/share/info --with-bugurl=http://bugzilla.redhat.com/bugzilla --enable-bootstrap --enable-shared --enable-threads=posix --enable-checking=release --with-system-zlib --enable-__cxa_atexit --disable-libunwind-exceptions --enable-gnu-unique-object --enable-languages=c,c++,objc,obj-c++,java,fortran,ada --enable-java-awt=gtk --disable-dssi --with-java-home=/usr/lib/jvm/java-1.5.0-gcj-1.5.0.0/jre --enable-libgcj-multifile --enable-java-maintainer-mode --with-ecj-jar=/usr/share/java/eclipse-ecj.jar --disable-libjava-multilib --with-ppl --with-cloog --with-tune=generic --with-arch_32=i686 --build=x86_64-redhat-linux
Thread model: posix
gcc version 4.4.7 20120313 (Red Hat 4.4.7-16) (GCC) 
configure:7826: $? = 0
configure:7833: g++ -V >&5
g++: '-V' option must have argument
configure:7837: $? = 1
configure:7840: checking whether we are using the GNU C++ compiler
configure:7893: result: yes
configure:7902: checking whether g++ accepts -g
configure:8040: result: yes
configure:8065: checking dependency style of g++
configure:8175: result: gcc3
configure:8198: checking how to run the C++ preprocessor
configure:8234: g++ -E  conftest.cpp
configure:8241: $? = 0
configure:8272: g++ -E  conftest.cpp
conftest.cpp:19:28: error: ac_nonexistent.h: No such file or directory
configure:8279: $? = 1
configure: failed program was:
| /* confdefs.h.  */
| #define PACKAGE_NAME "lib_shmht"
| #define PACKAGE_TARNAME "shmht"
| #define PACKAGE_VERSION "0.5"
| #define PACKAGE_STRING "lib_shmht 0.5"
| #define PACKAGE_BUGREPORT "jon.ander.ortiz@gmail.com"
| #define STDC_HEADERS 1
| #define HAVE_SYS_TYPES_H 1
| #define HAVE_SYS_STAT_H 1
| #define HAVE_STDLIB_H 1
| #define HAVE_STRING_H 1
| #define HAVE_MEMORY_H 1
| #define HAVE_STRINGS_H 1
| #define HAVE_INTTYPES_H 1
| #define HAVE_STDINT_H 1
| #define HAVE_UNISTD_H 1
| #define HAVE_DLFCN_H 1
| /* end confdefs.h.  */
| #include <ac_nonexistent.h>
configure:8312: result: g++ -E
configure:8341: g++ -E  conftest.cpp
configure:8348: $? = 0
configure:8379: g++ -E  conftest.cpp
conftest.cpp:19:28: error: ac_nonexistent.h: No such file or directory
configure:8386: $? = 1
configure: failed program was:
| /* confdefs.h.  */
| #define PACKAGE_NAME "lib_shmht"
| #define PACKAGE_TARNAME "shmht"
| #define PACKAGE_VERSION "0.5"
| #define PACKAGE_STRING "lib_shmht 0.5"
| #define PACKAGE_BUGREPORT "jon.ander.ortiz@gmail.com"
| #define STDC_HEADERS 1
| #define HAVE_SYS_TYPES_H 1
| #define HAVE_SYS_STAT_H 1
| #define HAVE_STDLIB_H 1
| #define HAVE_STRING_H 1
| #define HAVE_MEMORY_H 1
| #define HAVE_STRINGS_H 1
| #define HAVE_INTTYPES_H 1
| #define HAVE_STDINT_H 1
| #define HAVE_UNISTD_H 1
| #define HAVE_DLFCN_H 1
| /* end confdefs.h.  */
| #include <ac_nonexistent.h>
configure:8600: checking for objdir
configure:8615: result: .libs
configure:8907: checking if gcc supports -fno-rtti -fno-exceptions
configure:8925: gcc -c -g -O2  -fno-rtti -fno-exceptions conftest.c >&5
cc1: warning: command line option "-fno-rtti" is valid for C++/ObjC++ but not for C
configure:8929: $? = 0
configure:8942: result: no
configure:8962: checking for gcc option to produce PIC
configure:9234: result: -fPIC -DPIC
configure:9246: checking if gcc PIC flag -fPIC -DPIC works
configure:9264: gcc -c -g -O2  -fPIC -DPIC -DPIC conftest.c >&5
configure:9268: $? = 0
configure:9281: result: yes
configure:9305: checking if gcc static flag -static works
configure:9333: result: no
configure:9348: checking if gcc supports -c -o file.o
configure:9369: gcc -c -g -O2  -o out/conftest2.o conftest.c >&5
configure:9373: $? = 0
configure:9395: result: yes
configure:9403: checking if gcc supports -c -o file.o
configure:9450: result: yes
configure:9483: checking whether the gcc linker (/usr/bin/ld -m elf_x86_64) supports shared libraries
configure:10557: result: yes
configure:10594: checking whether -lc should be explicitly linked in
configure:10599: gcc -c -g -O2  conftest.c >&5
configure:10602: $? = 0
configure:10617: gcc -shared conftest.o  -v -Wl,-soname -Wl,conftest -o conftest 2\>\&1 \| /bin/grep  -lc  \>/dev/null 2\>\&1
configure:10620: $? = 0
configure:10632: result: no
configure:10796: checking dynamic linker characteristics
configure:11239: gcc -o conftest -g -O2   -Wl,-rpath -Wl,/foo conftest.c  >&5
configure:11246: $? = 0
configure:11482: result: GNU/Linux ld.so
configure:11584: checking how to hardcode library paths into programs
configure:11609: result: immediate
configure:12442: checking whether stripping libraries is possible
configure:12447: result: yes
configure:12482: checking if libtool supports shared libraries
configure:12484: result: yes
configure:12487: checking whether to build shared libraries
configure:12508: result: yes
configure:12511: checking whether to build static libraries
configure:12515: result: yes
configure:12665: checking for ld used by g++
configure:12732: result: /usr/bin/ld -m elf_x86_64
configure:12741: checking if the linker (/usr/bin/ld -m elf_x86_64) is GNU ld
configure:12756: result: yes
configure:12811: checking whether the g++ linker (/usr/bin/ld -m elf_x86_64) supports shared libraries
configure:13786: result: yes
configure:13814: g++ -c -g -O2  conftest.cpp >&5
configure:13817: $? = 0
configure:13999: checking for g++ option to produce PIC
configure:14316: result: -fPIC -DPIC
configure:14325: checking if g++ PIC flag -fPIC -DPIC works
configure:14343: g++ -c -g -O2  -fPIC -DPIC -DPIC conftest.cpp >&5
configure:14347: $? = 0
configure:14360: result: yes
configure:14381: checking if g++ static flag -static works
configure:14409: result: no
configure:14421: checking if g++ supports -c -o file.o
configure:14442: g++ -c -g -O2  -o out/conftest2.o conftest.cpp >&5
configure:14446: $? = 0
configure:14468: result: yes
configure:14473: checking if g++ supports -c -o file.o
configure:14520: result: yes
configure:14550: checking whether the g++ linker (/usr/bin/ld -m elf_x86_64) supports shared libraries
configure:14576: result: yes
configure:14713: checking dynamic linker characteristics
configure:15104: g++ -o conftest -g -O2   -Wl,-rpath -Wl,/foo conftest.cpp  >&5
configure:15111: $? = 0
configure:15347: result: GNU/Linux ld.so
configure:15398: checking how to hardcode library paths into programs
configure:15423: result: immediate
configure:15628: creating ./config.status

## ---------------------- ##
## Running config.status. ##
## ---------------------- ##

This file was extended by lib_shmht config.status 0.5, which was
generated by GNU Autoconf 2.63.  Invocation command line was

  CONFIG_FILES    = 
  CONFIG_HEADERS  = 
  CONFIG_LINKS    = 
  CONFIG_COMMANDS = 
  $ ./config.status 

on fsdedge.firescope.int

config.status:1046: creating Makefile
config.status:1046: creating src/Makefile
config.status:1046: creating config.h
config.status:1320: executing depfiles commands
config.status:1320: executing libtool commands

## ---------------- ##
## Cache variables. ##
## ---------------- ##

ac_cv_build=x86_64-unknown-linux-gnu
ac_cv_c_compiler_gnu=yes
ac_cv_cxx_compiler_gnu=yes
ac_cv_env_CCC_set=
ac_cv_env_CCC_value=
ac_cv_env_CC_set=
ac_cv_env_CC_value=
ac_cv_env_CFLAGS_set=
ac_cv_env_CFLAGS_value=
ac_cv_env_CPPFLAGS_set=
ac_cv_env_CPPFLAGS_value=
ac_cv_env_CPP_set=
ac_cv_env_CPP_value=
ac_cv_env_CXXCPP_set=
ac_cv_env_CXXCPP_value=
ac_cv_env_CXXFLAGS_set=
ac_cv_env_CXXFLAGS_value=
ac_cv_env_CXX_set=
ac_cv_env_CXX_value=
ac_cv_env_LDFLAGS_set=
ac_cv_env_LDFLAGS_value=
ac_cv_env_LIBS_set=
ac_cv_env_LIBS_value=
ac_cv_env_build_alias_set=
ac_cv_env_build_alias_value=
ac_cv_env_host_alias_set=
ac_cv_env_host_alias_value=
ac_cv_env_target_alias_set=
ac_cv_env_target_alias_value=
ac_cv_header_dlfcn_h=yes
ac_cv_header_inttypes_h=yes
ac_cv_header_memory_h=yes
ac_cv_header_stdc=yes
ac_cv_header_stdint_h=yes
ac_cv_header_stdlib_h=yes
ac_cv_header_string_h=yes
ac_cv_header_strings_h=yes
ac_cv_header_sys_stat_h=yes
ac_cv_header_sys_types_h=yes
ac_cv_header_unistd_h=yes
ac_cv_host=x86_64-unknown-linux-gnu
ac_cv_objext=o
ac_cv_path_EGREP='/bin/grep -E'
ac_cv_path_FGREP='/bin/grep -F'
ac_cv_path_GREP=/bin/grep
ac_cv_path_SED=/bin/sed
ac_cv_path_install='/usr/bin/install -c'
ac_cv_path_mkdir=/bin/mkdir
ac_cv_prog_AWK=gawk
ac_cv_prog_CPP='gcc -E'
ac_cv_prog_CXXCPP='g++ -E'
ac_cv_prog_ac_ct_AR=ar
ac_cv_prog_ac_ct_CC=gcc
ac_cv_prog_ac_ct_CXX=g++
ac_cv_prog_ac_ct_OBJDUMP=objdump
ac_cv_prog_ac_ct_RANLIB=ranlib
ac_cv_prog_ac_ct_STRIP=strip
ac_cv_prog_cc_c89=
ac_cv_prog_cc_g=yes
ac_cv_prog_cc_gcc_c_o=yes
ac_cv_prog_cxx_g=yes
ac_cv_prog_make_make_set=yes
am_cv_CC_dependencies_compiler_type=gcc3
am_cv_CXX_dependencies_compiler_type=gcc3
lt_cv_deplibs_check_method=pass_all
lt_cv_file_magic_cmd='$MAGIC_CMD'
lt_cv_file_magic_test_file=
lt_cv_ld_reload_flag=-r
lt_cv_nm_interface='BSD nm'
lt_cv_objdir=.libs
lt_cv_path_LD=/usr/bin/ld
lt_cv_path_LDCXX='/usr/bin/ld -m elf_x86_64'
lt_cv_path_NM='/usr/bin/nm -B'
lt_cv_prog_compiler_c_o=yes
lt_cv_prog_compiler_c_o_CXX=yes
lt_cv_prog_compiler_pic_works=yes
lt_cv_prog_compiler_pic_works_CXX=yes
lt_cv_prog_compiler_rtti_exceptions=no
lt_cv_prog_compiler_static_works=no
lt_cv_prog_compiler_static_works_CXX=no
lt_cv_prog_gnu_ld=yes
lt_cv_prog_gnu_ldcxx=yes
lt_cv_sys_global_symbol_pipe='sed -n -e '\''s/^.*[	 ]\([ABCDGIRSTW][ABCDGIRSTW]*\)[	 ][	 ]*\([_A-Za-z][_A-Za-z0-9]*\)$/\1 \2 \2/p'\'''
lt_cv_sys_global_symbol_to_c_name_address='sed -n -e '\''s/^: \([^ ]*\) $/  {\"\1\", (void *) 0},/p'\'' -e '\''s/^[ABCDGIRSTW]* \([^ ]*\) \([^ ]*\)$/  {"\2", (void *) \&\2},/p'\'''
lt_cv_sys_global_symbol_to_c_name_address_lib_prefix='sed -n -e '\''s/^: \([^ ]*\) $/  {\"\1\", (void *) 0},/p'\'' -e '\''s/^[ABCDGIRSTW]* \([^ ]*\) \(lib[^ ]*\)$/  {"\2", (void *) \&\2},/p'\'' -e '\''s/^[ABCDGIRSTW]* \([^ ]*\) \([^ ]*\)$/  {"lib\2", (void *) \&\2},/p'\'''
lt_cv_sys_global_symbol_to_cdecl='sed -n -e '\''s/^T .* \(.*\)$/extern int \1();/p'\'' -e '\''s/^[ABCDGIRSTW]* .* \(.*\)$/extern char \1;/p'\'''
lt_cv_sys_max_cmd_len=1966080

## ----------------- ##
## Output variables. ##
## ----------------- ##

ACLOCAL='${SHELL} /root/work/libshmht-code-0/missing --run aclocal-1.11'
AMDEPBACKSLASH='\'
AMDEP_FALSE='#'
AMDEP_TRUE=''
AMTAR='${SHELL} /root/work/libshmht-code-0/missing --run tar'
AR='ar'
AUTOCONF='${SHELL} /root/work/libshmht-code-0/missing --run autoconf'
AUTOHEADER='${SHELL} /root/work/libshmht-code-0/missing --run autoheader'
AUTOMAKE='${SHELL} /root/work/libshmht-code-0/missing --run automake-1.11'
AWK='gawk'
CC='gcc'
CCDEPMODE='depmode=gcc3'
CFLAGS='-g -O2'
CPP='gcc -E'
CPPFLAGS=''
CXX='g++'
CXXCPP='g++ -E'
CXXDEPMODE='depmode=gcc3'
CXXFLAGS='-g -O2'
CYGPATH_W='echo'
DEFS='-DHAVE_CONFIG_H'
DEPDIR='.deps'
DSYMUTIL=''
DUMPBIN=''
ECHO_C=''
ECHO_N='-n'
ECHO_T=''
EGREP='/bin/grep -E'
EXEEXT=''
FGREP='/bin/grep -F'
GREP='/bin/grep'
INSTALL_DATA='${INSTALL} -m 644'
INSTALL_PROGRAM='${INSTALL}'
INSTALL_SCRIPT='${INSTALL}'
INSTALL_STRIP_PROGRAM='$(install_sh) -c -s'
LD='/usr/bin/ld -m elf_x86_64'
LDFLAGS=''
LIBOBJS=''
LIBS=''
LIBTOOL='$(SHELL) $(top_builddir)/libtool'
LIPO=''
LN_S='ln -s'
LTLIBOBJS=''
MAKEINFO='${SHELL} /root/work/libshmht-code-0/missing --run makeinfo'
MKDIR_P='/bin/mkdir -p'
NM='/usr/bin/nm -B'
NMEDIT=''
OBJDUMP='objdump'
OBJEXT='o'
OTOOL64=''
OTOOL=''
PACKAGE='shmht'
PACKAGE_BUGREPORT='jon.ander.ortiz@gmail.com'
PACKAGE_NAME='lib_shmht'
PACKAGE_STRING='lib_shmht 0.5'
PACKAGE_TARNAME='shmht'
PACKAGE_VERSION='0.5'
PATH_SEPARATOR=':'
RANLIB='ranlib'
SED='/bin/sed'
SET_MAKE=''
SHELL='/bin/sh'
SHMHT_API_VERSION='0.1'
SHMHT_SO_VERSION='0:0:1'
STRIP='strip'
VERSION='0.5'
ac_ct_CC='gcc'
ac_ct_CXX='g++'
ac_ct_DUMPBIN=''
am__EXEEXT_FALSE=''
am__EXEEXT_TRUE='#'
am__fastdepCC_FALSE='#'
am__fastdepCC_TRUE=''
am__fastdepCXX_FALSE='#'
am__fastdepCXX_TRUE=''
am__include='include'
am__isrc=''
am__leading_dot='.'
am__quote=''
am__tar='${AMTAR} chof - "$$tardir"'
am__untar='${AMTAR} xf -'
bindir='${exec_prefix}/bin'
build='x86_64-unknown-linux-gnu'
build_alias=''
build_cpu='x86_64'
build_os='linux-gnu'
build_vendor='unknown'
datadir='${datarootdir}'
datarootdir='${prefix}/share'
docdir='${datarootdir}/doc/${PACKAGE_TARNAME}'
dvidir='${docdir}'
exec_prefix='${prefix}'
host='x86_64-unknown-linux-gnu'
host_alias=''
host_cpu='x86_64'
host_os='linux-gnu'
host_vendor='unknown'
htmldir='${docdir}'
includedir='${prefix}/include'
infodir='${datarootdir}/info'
install_sh='${SHELL} /root/work/libshmht-code-0/install-sh'
libdir='${exec_prefix}/lib'
libexecdir='${exec_prefix}/libexec'
localedir='${datarootdir}/locale'
localstatedir='${prefix}/var'
lt_ECHO='echo'
mandir='${datarootdir}/man'
mkdir_p='/bin/mkdir -p'
oldincludedir='/usr/include'
pdfdir='${docdir}'
prefix='/usr/local'
program_transform_name='s,x,x,'
psdir='${docdir}'
sbindir='${exec_prefix}/sbin'
sharedstatedir='${prefix}/com'
sysconfdir='${prefix}/etc'
target_alias=''

## ----------- ##
## confdefs.h. ##
## ----------- ##

#define PACKAGE_NAME "lib_shmht"
#define PACKAGE_TARNAME "shmht"
#define PACKAGE_VERSION "0.5"
#define PACKAGE_STRING "lib_shmht 0.5"
#define PACKAGE_BUGREPORT "jon.ander.ortiz@gmail.com"
#define STDC_HEADERS 1
#define HAVE_SYS_TYPES_H 1
#define HAVE_SYS_STAT_H 1
#define HAVE_STDLIB_H 1
#define HAVE_STRING_H 1
#define HAVE_MEMORY_H 1
#define HAVE_STRINGS_H 1
#define HAVE_INTTYPES_H 1
#define HAVE_STDINT_H 1
#define HAVE_UNISTD_H 1
#define HAVE_DLFCN_H 1
#define LT_OBJDIR ".libs/"

configure: exit 0
